1 : }

2 :     }

3 :         System.out.println(TextFile.read(write));

4 : 

5 :         }

6 :             e.printStackTrace();

7 :         } catch (IOException e) {

8 :             writeReverce(read, write);

9 :         try {

10 : 

11 :         String write = Util.prefix + "Exercise12.out";

12 :         String read = Util.prefix + "Exercise12.java";

13 :     public static void main(String[] args) {

14 : 

15 :     }

16 : 

17 :         writer.close();

18 : 

19 :         }

20 :             writer.println(lineCounter++ + " : " + s);

21 :         for (String s : temp) {

22 : 

23 :         int lineCounter = 1;

24 : 

25 :         );

26 :                 )

27 :                         new FileWriter(writeTo)

28 :                 new BufferedWriter(

29 :         PrintWriter writer = new PrintWriter(

30 : 

31 :         String [] temp = Exercise07.readReverce(readFrom);

32 : 

33 :             (String readFrom, String writeTo) throws IOException {

34 :     public static void writeReverce

35 : public class Exercise12 {

36 : 

37 : import java.io.PrintWriter;

38 : import java.io.IOException;

39 : import java.io.FileWriter;

40 : import java.io.BufferedWriter;

41 : 

42 : import net.mindview.util.TextFile;

43 : import net.mindview.util.Directory;

44 : 

45 :  */

46 :  * the "LineNumber" classes), out to the file.

47 :  * along with line numbers (do not attempt to use

48 :  * Write the lines in the LinkedList,

49 :  * so you can write text into it.

50 :  * Modify Exercise 8 to also open a text file

51 : /*

52 : 

53 : package Ch17.Exercise;

